<?xml version="1.0" encoding="UTF-8"?>
<!-- Generated by org.testng.reporters.JUnitReportReporter -->
<testsuite skipped="0" hostname="SEPL039" name="com.bpms.ODPS.App" tests="1" failures="0" timestamp="07 May 2019 08:32:01 GMT" time="0.016" errors="0">
  <testcase name="demoTest" time="0.016" classname="com.bpms.ODPS.App"/>
</testsuite> <!-- com.bpms.ODPS.App -->
